<?xml version="1.0" encoding="UTF-8"?>
<coverage generated="1532882055">
  <project timestamp="1532882055">
    <package name="QueryPath\CSS">
      <file name="/srv/querypath/src/CSS/DOMTraverser.php">
        <class name="QueryPath\CSS\DOMTraverser" namespace="QueryPath\CSS">
          <metrics complexity="121" methods="29" coveredmethods="17" conditionals="0" coveredconditionals="0" statements="218" coveredstatements="197" elements="247" coveredelements="214"/>
        </class>
        <line num="73" type="method" name="__construct" visibility="public" complexity="4" crap="4" count="127"/>
        <line num="75" type="stmt" count="127"/>
        <line num="76" type="stmt" count="127"/>
        <line num="79" type="stmt" count="127"/>
        <line num="81" type="stmt" count="127"/>
        <line num="82" type="stmt" count="127"/>
        <line num="83" type="stmt" count="127"/>
        <line num="84" type="stmt" count="127"/>
        <line num="85" type="stmt" count="1"/>
        <line num="87" type="stmt" count="126"/>
        <line num="90" type="stmt" count="127"/>
        <line num="91" type="stmt" count="127"/>
        <line num="92" type="stmt" count="127"/>
        <line num="103" type="stmt" count="127"/>
        <line num="105" type="method" name="debug" visibility="public" complexity="1" crap="2" count="0"/>
        <line num="107" type="stmt" count="0"/>
        <line num="108" type="stmt" count="0"/>
        <line num="122" type="method" name="find" visibility="public" complexity="5" crap="5" count="125"/>
        <line num="125" type="stmt" count="125"/>
        <line num="126" type="stmt" count="125"/>
        <line num="127" type="stmt" count="125"/>
        <line num="128" type="stmt" count="125"/>
        <line num="131" type="stmt" count="125"/>
        <line num="132" type="stmt" count="125"/>
        <line num="135" type="stmt" count="125"/>
        <line num="136" type="stmt" count="5"/>
        <line num="141" type="stmt" count="123"/>
        <line num="145" type="stmt" count="125"/>
        <line num="147" type="stmt" count="123"/>
        <line num="149" type="stmt" count="125"/>
        <line num="153" type="stmt" count="125"/>
        <line num="156" type="stmt" count="125"/>
        <line num="159" type="method" name="matches" visibility="public" complexity="1" crap="1" count="125"/>
        <line num="161" type="stmt" count="125"/>
        <line num="185" type="method" name="matchesSelector" visibility="public" complexity="1" crap="1" count="123"/>
        <line num="187" type="stmt" count="123"/>
        <line num="204" type="method" name="matchesSimpleSelector" visibility="public" complexity="8" crap="8" count="123"/>
        <line num="206" type="stmt" count="123"/>
        <line num="209" type="stmt" count="123"/>
        <line num="210" type="stmt" count="123"/>
        <line num="211" type="stmt" count="123"/>
        <line num="212" type="stmt" count="123"/>
        <line num="213" type="stmt" count="123"/>
        <line num="214" type="stmt" count="123"/>
        <line num="216" type="stmt" count="123"/>
        <line num="231" type="stmt" count="123"/>
        <line num="232" type="stmt" count="21"/>
        <line num="235" type="stmt" count="123"/>
        <line num="256" type="method" name="combine" visibility="public" complexity="6" crap="6.44" count="21"/>
        <line num="258" type="stmt" count="21"/>
        <line num="260" type="stmt" count="21"/>
        <line num="261" type="stmt" count="21"/>
        <line num="262" type="stmt" count="1"/>
        <line num="263" type="stmt" count="20"/>
        <line num="264" type="stmt" count="3"/>
        <line num="265" type="stmt" count="19"/>
        <line num="266" type="stmt" count="13"/>
        <line num="267" type="stmt" count="6"/>
        <line num="268" type="stmt" count="6"/>
        <line num="269" type="stmt" count="0"/>
        <line num="271" type="stmt" count="0"/>
        <line num="274" type="stmt" count="0"/>
        <line num="293" type="method" name="combineAdjacent" visibility="public" complexity="3" crap="3.07" count="1"/>
        <line num="295" type="stmt" count="1"/>
        <line num="296" type="stmt" count="1"/>
        <line num="297" type="stmt" count="1"/>
        <line num="299" type="stmt" count="1"/>
        <line num="303" type="stmt" count="0"/>
        <line num="322" type="method" name="combineSibling" visibility="public" complexity="4" crap="4" count="3"/>
        <line num="324" type="stmt" count="3"/>
        <line num="325" type="stmt" count="3"/>
        <line num="326" type="stmt" count="3"/>
        <line num="327" type="stmt" count="3"/>
        <line num="331" type="stmt" count="1"/>
        <line num="350" type="method" name="combineDirectDescendant" visibility="public" complexity="2" crap="2.06" count="13"/>
        <line num="352" type="stmt" count="13"/>
        <line num="353" type="stmt" count="13"/>
        <line num="354" type="stmt" count="0"/>
        <line num="357" type="stmt" count="13"/>
        <line num="376" type="method" name="combineAnyDescendant" visibility="public" complexity="4" crap="4" count="6"/>
        <line num="378" type="stmt" count="6"/>
        <line num="379" type="stmt" count="4"/>
        <line num="384" type="stmt" count="4"/>
        <line num="385" type="stmt" count="1"/>
        <line num="388" type="stmt" count="4"/>
        <line num="389" type="stmt" count="4"/>
        <line num="392" type="stmt" count="3"/>
        <line num="400" type="method" name="initialMatch" visibility="protected" complexity="6" crap="6" count="123"/>
        <line num="402" type="stmt" count="123"/>
        <line num="406" type="stmt" count="123"/>
        <line num="407" type="stmt" count="39"/>
        <line num="421" type="stmt" count="123"/>
        <line num="423" type="stmt" count="34"/>
        <line num="425" type="stmt" count="113"/>
        <line num="426" type="stmt" count="1"/>
        <line num="431" type="stmt" count="113"/>
        <line num="433" type="stmt" count="7"/>
        <line num="435" type="stmt" count="112"/>
        <line num="439" type="stmt" count="123"/>
        <line num="451" type="method" name="initialMatchOnID" visibility="protected" complexity="6" crap="6.01" count="34"/>
        <line num="453" type="stmt" count="34"/>
        <line num="454" type="stmt" count="34"/>
        <line num="458" type="stmt" count="34"/>
        <line num="459" type="stmt" count="0"/>
        <line num="461" type="stmt" count="34"/>
        <line num="462" type="stmt" count="34"/>
        <line num="466" type="stmt" count="34"/>
        <line num="467" type="stmt" count="34"/>
        <line num="468" type="stmt" count="5"/>
        <line num="470" type="stmt" count="34"/>
        <line num="471" type="stmt" count="34"/>
        <line num="472" type="stmt" count="34"/>
        <line num="476" type="stmt" count="34"/>
        <line num="478" type="stmt" count="34"/>
        <line num="490" type="method" name="initialMatchOnClasses" visibility="protected" complexity="7" crap="7.01" count="7"/>
        <line num="492" type="stmt" count="7"/>
        <line num="496" type="stmt" count="7"/>
        <line num="497" type="stmt" count="0"/>
        <line num="499" type="stmt" count="7"/>
        <line num="500" type="stmt" count="7"/>
        <line num="503" type="stmt" count="7"/>
        <line num="505" type="stmt" count="7"/>
        <line num="506" type="stmt" count="5"/>
        <line num="507" type="stmt" count="5"/>
        <line num="508" type="stmt" count="3"/>
        <line num="512" type="stmt" count="7"/>
        <line num="513" type="stmt" count="7"/>
        <line num="514" type="stmt" count="6"/>
        <line num="515" type="stmt" count="6"/>
        <line num="517" type="stmt" count="6"/>
        <line num="518" type="stmt" count="6"/>
        <line num="519" type="stmt" count="7"/>
        <line num="525" type="stmt" count="7"/>
        <line num="527" type="stmt" count="7"/>
        <line num="536" type="method" name="initialXpathQuery" visibility="private" complexity="2" crap="2" count="36"/>
        <line num="540" type="stmt" count="36"/>
        <line num="541" type="stmt" count="34"/>
        <line num="544" type="stmt" count="36"/>
        <line num="554" type="method" name="initialMatchOnElement" visibility="protected" complexity="8" crap="8" count="112"/>
        <line num="556" type="stmt" count="112"/>
        <line num="557" type="stmt" count="112"/>
        <line num="558" type="stmt" count="3"/>
        <line num="560" type="stmt" count="112"/>
        <line num="562" type="stmt" count="112"/>
        <line num="564" type="stmt" count="112"/>
        <line num="565" type="stmt" count="112"/>
        <line num="566" type="stmt" count="33"/>
        <line num="568" type="stmt" count="112"/>
        <line num="569" type="stmt" count="112"/>
        <line num="570" type="stmt" count="112"/>
        <line num="574" type="stmt" count="112"/>
        <line num="576" type="stmt" count="112"/>
        <line num="582" type="method" name="initialMatchOnElementNS" visibility="protected" complexity="6" crap="6" count="1"/>
        <line num="584" type="stmt" count="1"/>
        <line num="586" type="stmt" count="1"/>
        <line num="589" type="stmt" count="1"/>
        <line num="590" type="stmt" count="1"/>
        <line num="596" type="stmt" count="1"/>
        <line num="597" type="stmt" count="1"/>
        <line num="599" type="stmt" count="1"/>
        <line num="600" type="stmt" count="1"/>
        <line num="601" type="stmt" count="1"/>
        <line num="604" type="stmt" count="1"/>
        <line num="605" type="stmt" count="1"/>
        <line num="607" type="stmt" count="1"/>
        <line num="609" type="stmt" count="1"/>
        <line num="622" type="method" name="matchElement" visibility="protected" complexity="7" crap="7.14" count="123"/>
        <line num="624" type="stmt" count="123"/>
        <line num="625" type="stmt" count="123"/>
        <line num="629" type="stmt" count="17"/>
        <line num="631" type="stmt" count="1"/>
        <line num="632" type="stmt" count="1"/>
        <line num="633" type="stmt" count="0"/>
        <line num="638" type="stmt" count="17"/>
        <line num="657" type="method" name="ancestors" visibility="protected" complexity="2" crap="6" count="0"/>
        <line num="659" type="stmt" count="0"/>
        <line num="660" type="stmt" count="0"/>
        <line num="661" type="stmt" count="0"/>
        <line num="662" type="stmt" count="0"/>
        <line num="665" type="stmt" count="0"/>
        <line num="674" type="method" name="matchAttributes" visibility="protected" complexity="14" crap="14" count="123"/>
        <line num="676" type="stmt" count="123"/>
        <line num="677" type="stmt" count="121"/>
        <line num="680" type="stmt" count="4"/>
        <line num="681" type="stmt" count="4"/>
        <line num="684" type="stmt" count="4"/>
        <line num="685" type="stmt" count="1"/>
        <line num="686" type="stmt" count="1"/>
        <line num="687" type="stmt" count="1"/>
        <line num="689" type="stmt" count="1"/>
        <line num="690" type="stmt" count="4"/>
        <line num="693" type="stmt" count="1"/>
        <line num="694" type="stmt" count="1"/>
        <line num="695" type="stmt" count="1"/>
        <line num="696" type="stmt" count="1"/>
        <line num="697" type="stmt" count="1"/>
        <line num="698" type="stmt" count="1"/>
        <line num="703" type="stmt" count="4"/>
        <line num="706" type="stmt" count="4"/>
        <line num="707" type="stmt" count="4"/>
        <line num="711" type="stmt" count="3"/>
        <line num="717" type="method" name="matchId" visibility="protected" complexity="3" crap="3.33" count="123"/>
        <line num="719" type="stmt" count="123"/>
        <line num="720" type="stmt" count="123"/>
        <line num="723" type="stmt" count="0"/>
        <line num="729" type="method" name="matchClasses" visibility="protected" complexity="4" crap="4.02" count="123"/>
        <line num="731" type="stmt" count="123"/>
        <line num="732" type="stmt" count="123"/>
        <line num="735" type="stmt" count="4"/>
        <line num="736" type="stmt" count="1"/>
        <line num="739" type="stmt" count="4"/>
        <line num="740" type="stmt" count="4"/>
        <line num="741" type="stmt" count="0"/>
        <line num="745" type="stmt" count="4"/>
        <line num="747" type="stmt" count="4"/>
        <line num="750" type="method" name="matchPseudoClasses" visibility="protected" complexity="3" crap="3" count="123"/>
        <line num="752" type="stmt" count="123"/>
        <line num="753" type="stmt" count="123"/>
        <line num="754" type="stmt" count="17"/>
        <line num="756" type="stmt" count="17"/>
        <line num="757" type="stmt" count="17"/>
        <line num="760" type="stmt" count="123"/>
        <line num="770" type="method" name="matchPseudoElements" visibility="protected" complexity="8" crap="9.30" count="123"/>
        <line num="772" type="stmt" count="123"/>
        <line num="773" type="stmt" count="122"/>
        <line num="776" type="stmt" count="1"/>
        <line num="778" type="stmt" count="1"/>
        <line num="779" type="stmt" count="1"/>
        <line num="780" type="stmt" count="1"/>
        <line num="781" type="stmt" count="1"/>
        <line num="782" type="stmt" count="1"/>
        <line num="783" type="stmt" count="0"/>
        <line num="784" type="stmt" count="0"/>
        <line num="787" type="stmt" count="0"/>
        <line num="789" type="method" name="newMatches" visibility="protected" complexity="1" crap="1" count="125"/>
        <line num="791" type="stmt" count="125"/>
        <line num="798" type="method" name="getMatches" visibility="protected" complexity="1" crap="2" count="0"/>
        <line num="800" type="stmt" count="0"/>
        <line num="808" type="method" name="setMatches" visibility="protected" complexity="1" crap="1" count="125"/>
        <line num="810" type="stmt" count="125"/>
        <line num="811" type="stmt" count="125"/>
        <line num="816" type="method" name="attachNodeList" visibility="public" complexity="2" crap="2" count="123"/>
        <line num="818" type="stmt" count="123"/>
        <line num="819" type="stmt" count="116"/>
        <line num="821" type="stmt" count="123"/>
        <line num="823" type="method" name="getDocument" visibility="public" complexity="1" crap="1" count="1"/>
        <line num="825" type="stmt" count="1"/>
        <metrics loc="828" ncloc="392" classes="1" methods="29" coveredmethods="17" conditionals="0" coveredconditionals="0" statements="218" coveredstatements="197" elements="247" coveredelements="214"/>
      </file>
      <file name="/srv/querypath/src/CSS/InputStream.php">
        <class name="QueryPath\CSS\InputStream" namespace="QueryPath\CSS">
          <metrics complexity="5" methods="4" coveredmethods="4" conditionals="0" coveredconditionals="0" statements="8" coveredstatements="8" elements="12" coveredelements="12"/>
        </class>
        <line num="26" type="method" name="__construct" visibility="public" complexity="1" crap="1" count="198"/>
        <line num="28" type="stmt" count="198"/>
        <line num="29" type="stmt" count="198"/>
        <line num="38" type="method" name="peek" visibility="public" complexity="1" crap="1" count="5"/>
        <line num="40" type="stmt" count="5"/>
        <line num="48" type="method" name="consume" visibility="public" complexity="2" crap="2" count="198"/>
        <line num="50" type="stmt" count="198"/>
        <line num="51" type="stmt" count="198"/>
        <line num="52" type="stmt" count="197"/>
        <line num="55" type="stmt" count="198"/>
        <line num="64" type="method" name="isEmpty" visibility="public" complexity="1" crap="1" count="198"/>
        <line num="66" type="stmt" count="198"/>
        <metrics loc="68" ncloc="34" classes="1" methods="4" coveredmethods="4" conditionals="0" coveredconditionals="0" statements="8" coveredstatements="8" elements="12" coveredelements="12"/>
      </file>
      <file name="/srv/querypath/src/CSS/NotImplementedException.php">
        <class name="QueryPath\CSS\NotImplementedException" namespace="QueryPath\CSS">
          <metrics complexity="0" methods="0" coveredmethods="0" conditionals="0" coveredconditionals="0" statements="0" coveredstatements="0" elements="0" coveredelements="0"/>
        </class>
        <metrics loc="15" ncloc="3" classes="0" methods="0" coveredmethods="0" conditionals="0" coveredconditionals="0" statements="0" coveredstatements="0" elements="0" coveredelements="0"/>
      </file>
      <file name="/srv/querypath/src/CSS/ParseException.php">
        <class name="QueryPath\CSS\ParseException" namespace="QueryPath\CSS">
          <metrics complexity="0" methods="0" coveredmethods="0" conditionals="0" coveredconditionals="0" statements="0" coveredstatements="0" elements="0" coveredelements="0"/>
        </class>
        <metrics loc="15" ncloc="5" classes="0" methods="0" coveredmethods="0" conditionals="0" coveredconditionals="0" statements="0" coveredstatements="0" elements="0" coveredelements="0"/>
      </file>
      <file name="/srv/querypath/src/CSS/Parser.php">
        <class name="QueryPath\CSS\Parser" namespace="QueryPath\CSS">
          <metrics complexity="86" methods="16" coveredmethods="5" conditionals="0" coveredconditionals="0" statements="226" coveredstatements="201" elements="242" coveredelements="206"/>
        </class>
        <line num="39" type="method" name="__construct" visibility="public" complexity="1" crap="1" count="198"/>
        <line num="41" type="stmt" count="198"/>
        <line num="42" type="stmt" count="198"/>
        <line num="43" type="stmt" count="198"/>
        <line num="44" type="stmt" count="198"/>
        <line num="45" type="stmt" count="198"/>
        <line num="56" type="method" name="parse" visibility="public" complexity="5" crap="5.03" count="198"/>
        <line num="59" type="stmt" count="198"/>
        <line num="60" type="stmt" count="197"/>
        <line num="62" type="stmt" count="197"/>
        <line num="64" type="stmt" count="197"/>
        <line num="65" type="stmt" count="0"/>
        <line num="67" type="stmt" count="197"/>
        <line num="69" type="stmt" count="193"/>
        <line num="70" type="stmt" count="193"/>
        <line num="75" type="stmt" count="1"/>
        <line num="80" type="stmt" count="192"/>
        <line num="108" type="method" name="selector" visibility="private" complexity="2" crap="2.02" count="197"/>
        <line num="110" type="stmt" count="197"/>
        <line num="111" type="stmt" count="0"/>
        <line num="113" type="stmt" count="197"/>
        <line num="114" type="stmt" count="197"/>
        <line num="115" type="stmt" count="195"/>
        <line num="116" type="stmt" count="193"/>
        <line num="121" type="method" name="consumeWhitespace" visibility="private" complexity="3" crap="3.03" count="197"/>
        <line num="123" type="stmt" count="197"/>
        <line num="124" type="stmt" count="0"/>
        <line num="126" type="stmt" count="197"/>
        <line num="127" type="stmt" count="197"/>
        <line num="128" type="stmt" count="44"/>
        <line num="129" type="stmt" count="44"/>
        <line num="132" type="stmt" count="197"/>
        <line num="146" type="method" name="combinator" visibility="private" complexity="12" crap="12.21" count="195"/>
        <line num="148" type="stmt" count="195"/>
        <line num="149" type="stmt" count="0"/>
        <line num="159" type="stmt" count="195"/>
        <line num="160" type="stmt" count="195"/>
        <line num="161" type="stmt" count="195"/>
        <line num="163" type="stmt" count="195"/>
        <line num="164" type="stmt" count="25"/>
        <line num="165" type="stmt" count="25"/>
        <line num="166" type="stmt" count="25"/>
        <line num="168" type="stmt" count="194"/>
        <line num="169" type="stmt" count="5"/>
        <line num="170" type="stmt" count="5"/>
        <line num="171" type="stmt" count="5"/>
        <line num="173" type="stmt" count="193"/>
        <line num="174" type="stmt" count="5"/>
        <line num="175" type="stmt" count="5"/>
        <line num="176" type="stmt" count="5"/>
        <line num="178" type="stmt" count="193"/>
        <line num="179" type="stmt" count="6"/>
        <line num="180" type="stmt" count="6"/>
        <line num="181" type="stmt" count="6"/>
        <line num="185" type="stmt" count="195"/>
        <line num="186" type="stmt" count="36"/>
        <line num="187" type="stmt" count="0"/>
        <line num="189" type="stmt" count="36"/>
        <line num="190" type="stmt" count="36"/>
        <line num="191" type="stmt" count="36"/>
        <line num="194" type="stmt" count="193"/>
        <line num="195" type="stmt" count="15"/>
        <line num="196" type="stmt" count="0"/>
        <line num="198" type="stmt" count="15"/>
        <line num="199" type="stmt" count="15"/>
        <line num="201" type="stmt" count="193"/>
        <line num="202" type="stmt" count="0"/>
        <line num="205" type="stmt" count="193"/>
        <line num="210" type="method" name="isCombinator" visibility="private" complexity="1" crap="1" count="36"/>
        <line num="212" type="stmt" count="36"/>
        <line num="214" type="stmt" count="36"/>
        <line num="220" type="method" name="simpleSelectors" visibility="private" complexity="2" crap="2.01" count="197"/>
        <line num="222" type="stmt" count="197"/>
        <line num="223" type="stmt" count="0"/>
        <line num="225" type="stmt" count="197"/>
        <line num="226" type="stmt" count="197"/>
        <line num="227" type="stmt" count="197"/>
        <line num="228" type="stmt" count="197"/>
        <line num="229" type="stmt" count="196"/>
        <line num="230" type="stmt" count="196"/>
        <line num="231" type="stmt" count="195"/>
        <line num="237" type="method" name="elementID" visibility="private" complexity="4" crap="4.02" count="197"/>
        <line num="239" type="stmt" count="197"/>
        <line num="240" type="stmt" count="0"/>
        <line num="242" type="stmt" count="197"/>
        <line num="243" type="stmt" count="47"/>
        <line num="244" type="stmt" count="47"/>
        <line num="245" type="stmt" count="1"/>
        <line num="247" type="stmt" count="46"/>
        <line num="248" type="stmt" count="46"/>
        <line num="250" type="stmt" count="196"/>
        <line num="256" type="method" name="elementClass" visibility="private" complexity="3" crap="3.02" count="197"/>
        <line num="258" type="stmt" count="197"/>
        <line num="259" type="stmt" count="0"/>
        <line num="261" type="stmt" count="197"/>
        <line num="262" type="stmt" count="17"/>
        <line num="263" type="stmt" count="17"/>
        <line num="264" type="stmt" count="17"/>
        <line num="265" type="stmt" count="17"/>
        <line num="267" type="stmt" count="197"/>
        <line num="279" type="method" name="pseudoClass" visibility="private" complexity="12" crap="12.67" count="196"/>
        <line num="281" type="stmt" count="196"/>
        <line num="282" type="stmt" count="0"/>
        <line num="284" type="stmt" count="196"/>
        <line num="287" type="stmt" count="55"/>
        <line num="288" type="stmt" count="55"/>
        <line num="289" type="stmt" count="6"/>
        <line num="290" type="stmt" count="6"/>
        <line num="293" type="stmt" count="55"/>
        <line num="294" type="stmt" count="55"/>
        <line num="295" type="stmt" count="0"/>
        <line num="298" type="stmt" count="55"/>
        <line num="299" type="stmt" count="55"/>
        <line num="300" type="stmt" count="19"/>
        <line num="301" type="stmt" count="0"/>
        <line num="303" type="stmt" count="19"/>
        <line num="307" type="stmt" count="55"/>
        <line num="308" type="stmt" count="6"/>
        <line num="309" type="stmt" count="0"/>
        <line num="311" type="stmt" count="6"/>
        <line num="312" type="stmt" count="6"/>
        <line num="317" type="stmt" count="6"/>
        <line num="318" type="stmt" count="6"/>
        <line num="321" type="stmt" count="50"/>
        <line num="324" type="stmt" count="196"/>
        <line num="336" type="method" name="pseudoClassValue" visibility="private" complexity="2" crap="2.03" count="19"/>
        <line num="338" type="stmt" count="19"/>
        <line num="339" type="stmt" count="19"/>
        <line num="374" type="stmt" count="19"/>
        <line num="376" type="stmt" count="19"/>
        <line num="378" type="stmt" count="0"/>
        <line num="392" type="method" name="elementName" visibility="private" complexity="7" crap="7.04" count="197"/>
        <line num="394" type="stmt" count="197"/>
        <line num="395" type="stmt" count="0"/>
        <line num="397" type="stmt" count="197"/>
        <line num="399" type="stmt" count="1"/>
        <line num="400" type="stmt" count="1"/>
        <line num="401" type="stmt" count="1"/>
        <line num="402" type="stmt" count="1"/>
        <line num="403" type="stmt" count="197"/>
        <line num="404" type="stmt" count="171"/>
        <line num="405" type="stmt" count="171"/>
        <line num="407" type="stmt" count="8"/>
        <line num="408" type="stmt" count="8"/>
        <line num="409" type="stmt" count="8"/>
        <line num="410" type="stmt" count="8"/>
        <line num="412" type="stmt" count="3"/>
        <line num="413" type="stmt" count="3"/>
        <line num="414" type="stmt" count="7"/>
        <line num="415" type="stmt" count="0"/>
        <line num="417" type="stmt" count="7"/>
        <line num="419" type="stmt" count="8"/>
        <line num="423" type="stmt" count="165"/>
        <line num="426" type="stmt" count="197"/>
        <line num="435" type="method" name="allElements" visibility="private" complexity="4" crap="4" count="197"/>
        <line num="437" type="stmt" count="197"/>
        <line num="438" type="stmt" count="11"/>
        <line num="439" type="stmt" count="11"/>
        <line num="440" type="stmt" count="3"/>
        <line num="441" type="stmt" count="3"/>
        <line num="445" type="stmt" count="2"/>
        <line num="446" type="stmt" count="2"/>
        <line num="450" type="stmt" count="3"/>
        <line num="451" type="stmt" count="3"/>
        <line num="454" type="stmt" count="9"/>
        <line num="457" type="stmt" count="197"/>
        <line num="468" type="method" name="attribute" visibility="private" complexity="26" crap="27.01" count="196"/>
        <line num="470" type="stmt" count="196"/>
        <line num="471" type="stmt" count="12"/>
        <line num="473" type="stmt" count="12"/>
        <line num="474" type="stmt" count="12"/>
        <line num="476" type="stmt" count="12"/>
        <line num="477" type="stmt" count="1"/>
        <line num="478" type="stmt" count="0"/>
        <line num="480" type="stmt" count="1"/>
        <line num="481" type="stmt" count="1"/>
        <line num="485" type="stmt" count="12"/>
        <line num="488" type="stmt" count="2"/>
        <line num="489" type="stmt" count="2"/>
        <line num="491" type="stmt" count="12"/>
        <line num="493" type="stmt" count="3"/>
        <line num="494" type="stmt" count="3"/>
        <line num="497" type="stmt" count="12"/>
        <line num="498" type="stmt" count="12"/>
        <line num="502" type="stmt" count="12"/>
        <line num="504" type="stmt" count="3"/>
        <line num="505" type="stmt" count="3"/>
        <line num="506" type="stmt" count="3"/>
        <line num="507" type="stmt" count="3"/>
        <line num="514" type="stmt" count="12"/>
        <line num="515" type="stmt" count="12"/>
        <line num="516" type="stmt" count="9"/>
        <line num="517" type="stmt" count="9"/>
        <line num="518" type="stmt" count="9"/>
        <line num="519" type="stmt" count="8"/>
        <line num="520" type="stmt" count="4"/>
        <line num="521" type="stmt" count="0"/>
        <line num="523" type="stmt" count="4"/>
        <line num="524" type="stmt" count="4"/>
        <line num="525" type="stmt" count="7"/>
        <line num="526" type="stmt" count="3"/>
        <line num="527" type="stmt" count="0"/>
        <line num="529" type="stmt" count="3"/>
        <line num="530" type="stmt" count="3"/>
        <line num="531" type="stmt" count="7"/>
        <line num="532" type="stmt" count="2"/>
        <line num="533" type="stmt" count="0"/>
        <line num="535" type="stmt" count="2"/>
        <line num="536" type="stmt" count="2"/>
        <line num="537" type="stmt" count="7"/>
        <line num="538" type="stmt" count="2"/>
        <line num="539" type="stmt" count="0"/>
        <line num="541" type="stmt" count="2"/>
        <line num="542" type="stmt" count="2"/>
        <line num="543" type="stmt" count="7"/>
        <line num="544" type="stmt" count="5"/>
        <line num="545" type="stmt" count="0"/>
        <line num="547" type="stmt" count="5"/>
        <line num="548" type="stmt" count="5"/>
        <line num="551" type="stmt" count="12"/>
        <line num="553" type="stmt" count="10"/>
        <line num="554" type="stmt" count="10"/>
        <line num="565" type="stmt" count="10"/>
        <line num="566" type="stmt" count="6"/>
        <line num="568" type="stmt" count="6"/>
        <line num="571" type="stmt" count="10"/>
        <line num="572" type="stmt" count="0"/>
        <line num="576" type="stmt" count="12"/>
        <line num="578" type="stmt" count="12"/>
        <line num="579" type="stmt" count="1"/>
        <line num="582" type="stmt" count="11"/>
        <line num="583" type="stmt" count="3"/>
        <line num="584" type="stmt" count="0"/>
        <line num="585" type="stmt" count="7"/>
        <line num="587" type="stmt" count="6"/>
        <line num="589" type="stmt" count="11"/>
        <line num="591" type="stmt" count="195"/>
        <line num="596" type="method" name="throwError" visibility="private" complexity="1" crap="1" count="1"/>
        <line num="598" type="stmt" count="1"/>
        <line num="599" type="stmt" count="1"/>
        <line num="605" type="method" name="getScanner" visibility="public" complexity="1" crap="1" count="2"/>
        <line num="607" type="stmt" count="2"/>
        <metrics loc="611" ncloc="339" classes="1" methods="16" coveredmethods="5" conditionals="0" coveredconditionals="0" statements="226" coveredstatements="201" elements="242" coveredelements="206"/>
      </file>
      <file name="/srv/querypath/src/CSS/QueryPathEventHandler.php">
        <class name="QueryPath\CSS\QueryPathEventHandler" namespace="QueryPath\CSS">
          <metrics complexity="269" methods="39" coveredmethods="26" conditionals="0" coveredconditionals="0" statements="602" coveredstatements="538" elements="641" coveredelements="564"/>
        </class>
        <line num="78" type="method" name="__construct" visibility="public" complexity="12" crap="12.06" count="45"/>
        <line num="80" type="stmt" count="45"/>
        <line num="81" type="stmt" count="45"/>
        <line num="84" type="stmt" count="45"/>
        <line num="86" type="stmt" count="2"/>
        <line num="87" type="stmt" count="2"/>
        <line num="89" type="stmt" count="2"/>
        <line num="93" type="stmt" count="2"/>
        <line num="94" type="stmt" count="2"/>
        <line num="95" type="stmt" count="2"/>
        <line num="98" type="stmt" count="0"/>
        <line num="100" type="stmt" count="2"/>
        <line num="102" type="stmt" count="44"/>
        <line num="103" type="stmt" count="43"/>
        <line num="104" type="stmt" count="43"/>
        <line num="106" type="stmt" count="4"/>
        <line num="107" type="stmt" count="3"/>
        <line num="108" type="stmt" count="3"/>
        <line num="110" type="stmt" count="2"/>
        <line num="111" type="stmt" count="2"/>
        <line num="112" type="stmt" count="2"/>
        <line num="113" type="stmt" count="2"/>
        <line num="114" type="stmt" count="2"/>
        <line num="115" type="stmt" count="2"/>
        <line num="118" type="stmt" count="2"/>
        <line num="123" type="stmt" count="0"/>
        <line num="125" type="stmt" count="45"/>
        <line num="126" type="stmt" count="45"/>
        <line num="139" type="method" name="find" visibility="public" complexity="1" crap="1" count="44"/>
        <line num="141" type="stmt" count="44"/>
        <line num="142" type="stmt" count="44"/>
        <line num="144" type="stmt" count="42"/>
        <line num="157" type="method" name="getMatches" visibility="public" complexity="3" crap="3" count="43"/>
        <line num="160" type="stmt" count="43"/>
        <line num="161" type="stmt" count="43"/>
        <line num="162" type="stmt" count="1"/>
        <line num="164" type="stmt" count="43"/>
        <line num="165" type="stmt" count="43"/>
        <line num="168" type="stmt" count="43"/>
        <line num="171" type="method" name="matches" visibility="public" complexity="1" crap="2" count="0"/>
        <line num="173" type="stmt" count="0"/>
        <line num="185" type="method" name="elementID" visibility="public" complexity="4" crap="4" count="10"/>
        <line num="187" type="stmt" count="10"/>
        <line num="188" type="stmt" count="10"/>
        <line num="189" type="stmt" count="10"/>
        <line num="191" type="stmt" count="10"/>
        <line num="192" type="stmt" count="10"/>
        <line num="193" type="stmt" count="10"/>
        <line num="196" type="stmt" count="10"/>
        <line num="197" type="stmt" count="10"/>
        <line num="198" type="stmt" count="10"/>
        <line num="201" type="method" name="element" visibility="public" complexity="3" crap="3" count="36"/>
        <line num="203" type="stmt" count="36"/>
        <line num="204" type="stmt" count="36"/>
        <line num="205" type="stmt" count="36"/>
        <line num="206" type="stmt" count="36"/>
        <line num="210" type="stmt" count="36"/>
        <line num="211" type="stmt" count="36"/>
        <line num="218" type="stmt" count="36"/>
        <line num="219" type="stmt" count="36"/>
        <line num="222" type="method" name="elementNS" visibility="public" complexity="9" crap="10.09" count="2"/>
        <line num="224" type="stmt" count="2"/>
        <line num="225" type="stmt" count="2"/>
        <line num="226" type="stmt" count="2"/>
        <line num="227" type="stmt" count="2"/>
        <line num="235" type="stmt" count="2"/>
        <line num="242" type="stmt" count="2"/>
        <line num="243" type="stmt" count="2"/>
        <line num="244" type="stmt" count="2"/>
        <line num="245" type="stmt" count="2"/>
        <line num="248" type="stmt" count="2"/>
        <line num="249" type="stmt" count="2"/>
        <line num="252" type="stmt" count="2"/>
        <line num="253" type="stmt" count="2"/>
        <line num="257" type="stmt" count="0"/>
        <line num="258" type="stmt" count="0"/>
        <line num="259" type="stmt" count="0"/>
        <line num="260" type="stmt" count="0"/>
        <line num="261" type="stmt" count="0"/>
        <line num="263" type="stmt" count="2"/>
        <line num="270" type="stmt" count="2"/>
        <line num="271" type="stmt" count="2"/>
        <line num="273" type="method" name="anyElement" visibility="public" complexity="2" crap="2" count="5"/>
        <line num="275" type="stmt" count="5"/>
        <line num="277" type="stmt" count="5"/>
        <line num="278" type="stmt" count="5"/>
        <line num="279" type="stmt" count="5"/>
        <line num="286" type="stmt" count="5"/>
        <line num="287" type="stmt" count="5"/>
        <line num="288" type="stmt" count="5"/>
        <line num="290" type="method" name="anyElementInNS" visibility="public" complexity="5" crap="5" count="1"/>
        <line num="293" type="stmt" count="1"/>
        <line num="294" type="stmt" count="1"/>
        <line num="295" type="stmt" count="1"/>
        <line num="296" type="stmt" count="1"/>
        <line num="297" type="stmt" count="1"/>
        <line num="298" type="stmt" count="1"/>
        <line num="299" type="stmt" count="1"/>
        <line num="303" type="stmt" count="1"/>
        <line num="304" type="stmt" count="1"/>
        <line num="305" type="stmt" count="1"/>
        <line num="307" type="method" name="elementClass" visibility="public" complexity="4" crap="4" count="3"/>
        <line num="310" type="stmt" count="3"/>
        <line num="311" type="stmt" count="3"/>
        <line num="312" type="stmt" count="3"/>
        <line num="313" type="stmt" count="3"/>
        <line num="314" type="stmt" count="3"/>
        <line num="315" type="stmt" count="3"/>
        <line num="316" type="stmt" count="3"/>
        <line num="321" type="stmt" count="3"/>
        <line num="322" type="stmt" count="3"/>
        <line num="323" type="stmt" count="3"/>
        <line num="325" type="method" name="attribute" visibility="public" complexity="5" crap="5" count="4"/>
        <line num="327" type="stmt" count="4"/>
        <line num="328" type="stmt" count="4"/>
        <line num="329" type="stmt" count="4"/>
        <line num="330" type="stmt" count="4"/>
        <line num="331" type="stmt" count="4"/>
        <line num="333" type="stmt" count="3"/>
        <line num="334" type="stmt" count="3"/>
        <line num="338" type="stmt" count="4"/>
        <line num="342" type="stmt" count="4"/>
        <line num="343" type="stmt" count="4"/>
        <line num="344" type="stmt" count="4"/>
        <line num="351" type="method" name="searchForAttr" visibility="protected" complexity="5" crap="30" count="0"/>
        <line num="353" type="stmt" count="0"/>
        <line num="354" type="stmt" count="0"/>
        <line num="355" type="stmt" count="0"/>
        <line num="356" type="stmt" count="0"/>
        <line num="358" type="stmt" count="0"/>
        <line num="359" type="stmt" count="0"/>
        <line num="362" type="stmt" count="0"/>
        <line num="367" type="stmt" count="0"/>
        <line num="368" type="stmt" count="0"/>
        <line num="370" type="method" name="attributeNS" visibility="public" complexity="6" crap="6.06" count="1"/>
        <line num="372" type="stmt" count="1"/>
        <line num="373" type="stmt" count="1"/>
        <line num="374" type="stmt" count="1"/>
        <line num="375" type="stmt" count="0"/>
        <line num="377" type="stmt" count="0"/>
        <line num="382" type="stmt" count="1"/>
        <line num="383" type="stmt" count="1"/>
        <line num="384" type="stmt" count="1"/>
        <line num="386" type="stmt" count="1"/>
        <line num="390" type="stmt" count="1"/>
        <line num="391" type="stmt" count="1"/>
        <line num="392" type="stmt" count="1"/>
        <line num="393" type="stmt" count="1"/>
        <line num="396" type="stmt" count="1"/>
        <line num="400" type="stmt" count="1"/>
        <line num="401" type="stmt" count="1"/>
        <line num="402" type="stmt" count="1"/>
        <line num="409" type="method" name="pseudoClass" visibility="public" complexity="69" crap="102.86" count="27"/>
        <line num="411" type="stmt" count="27"/>
        <line num="414" type="stmt" count="27"/>
        <line num="415" type="stmt" count="27"/>
        <line num="416" type="stmt" count="27"/>
        <line num="417" type="stmt" count="27"/>
        <line num="418" type="stmt" count="27"/>
        <line num="419" type="stmt" count="27"/>
        <line num="420" type="stmt" count="27"/>
        <line num="422" type="stmt" count="27"/>
        <line num="424" type="stmt" count="0"/>
        <line num="425" type="stmt" count="0"/>
        <line num="426" type="stmt" count="27"/>
        <line num="429" type="stmt" count="0"/>
        <line num="431" type="stmt" count="27"/>
        <line num="433" type="stmt" count="1"/>
        <line num="434" type="stmt" count="0"/>
        <line num="436" type="stmt" count="1"/>
        <line num="437" type="stmt" count="1"/>
        <line num="438" type="stmt" count="26"/>
        <line num="439" type="stmt" count="0"/>
        <line num="440" type="stmt" count="0"/>
        <line num="441" type="stmt" count="26"/>
        <line num="442" type="stmt" count="2"/>
        <line num="443" type="stmt" count="2"/>
        <line num="444" type="stmt" count="0"/>
        <line num="445" type="stmt" count="2"/>
        <line num="446" type="stmt" count="1"/>
        <line num="447" type="stmt" count="1"/>
        <line num="448" type="stmt" count="1"/>
        <line num="449" type="stmt" count="1"/>
        <line num="450" type="stmt" count="1"/>
        <line num="451" type="stmt" count="0"/>
        <line num="452" type="stmt" count="0"/>
        <line num="453" type="stmt" count="0"/>
        <line num="456" type="stmt" count="0"/>
        <line num="457" type="stmt" count="0"/>
        <line num="459" type="stmt" count="2"/>
        <line num="463" type="stmt" count="25"/>
        <line num="464" type="stmt" count="25"/>
        <line num="465" type="stmt" count="1"/>
        <line num="466" type="stmt" count="1"/>
        <line num="467" type="stmt" count="1"/>
        <line num="471" type="stmt" count="24"/>
        <line num="472" type="stmt" count="1"/>
        <line num="473" type="stmt" count="1"/>
        <line num="474" type="stmt" count="24"/>
        <line num="475" type="stmt" count="1"/>
        <line num="476" type="stmt" count="1"/>
        <line num="479" type="stmt" count="24"/>
        <line num="480" type="stmt" count="1"/>
        <line num="481" type="stmt" count="1"/>
        <line num="482" type="stmt" count="1"/>
        <line num="483" type="stmt" count="23"/>
        <line num="484" type="stmt" count="1"/>
        <line num="485" type="stmt" count="1"/>
        <line num="486" type="stmt" count="1"/>
        <line num="487" type="stmt" count="22"/>
        <line num="488" type="stmt" count="1"/>
        <line num="489" type="stmt" count="1"/>
        <line num="490" type="stmt" count="1"/>
        <line num="491" type="stmt" count="21"/>
        <line num="492" type="stmt" count="1"/>
        <line num="493" type="stmt" count="1"/>
        <line num="494" type="stmt" count="1"/>
        <line num="495" type="stmt" count="20"/>
        <line num="496" type="stmt" count="1"/>
        <line num="497" type="stmt" count="1"/>
        <line num="498" type="stmt" count="19"/>
        <line num="499" type="stmt" count="1"/>
        <line num="500" type="stmt" count="1"/>
        <line num="501" type="stmt" count="18"/>
        <line num="502" type="stmt" count="2"/>
        <line num="503" type="stmt" count="2"/>
        <line num="504" type="stmt" count="16"/>
        <line num="505" type="stmt" count="1"/>
        <line num="506" type="stmt" count="1"/>
        <line num="507" type="stmt" count="15"/>
        <line num="508" type="stmt" count="1"/>
        <line num="509" type="stmt" count="1"/>
        <line num="510" type="stmt" count="14"/>
        <line num="511" type="stmt" count="1"/>
        <line num="512" type="stmt" count="1"/>
        <line num="513" type="stmt" count="13"/>
        <line num="514" type="stmt" count="1"/>
        <line num="515" type="stmt" count="1"/>
        <line num="516" type="stmt" count="12"/>
        <line num="517" type="stmt" count="1"/>
        <line num="518" type="stmt" count="0"/>
        <line num="520" type="stmt" count="1"/>
        <line num="521" type="stmt" count="1"/>
        <line num="523" type="stmt" count="11"/>
        <line num="524" type="stmt" count="10"/>
        <line num="525" type="stmt" count="9"/>
        <line num="526" type="stmt" count="9"/>
        <line num="527" type="stmt" count="8"/>
        <line num="528" type="stmt" count="7"/>
        <line num="531" type="stmt" count="5"/>
        <line num="532" type="stmt" count="5"/>
        <line num="533" type="stmt" count="6"/>
        <line num="534" type="stmt" count="0"/>
        <line num="535" type="stmt" count="0"/>
        <line num="536" type="stmt" count="0"/>
        <line num="537" type="stmt" count="0"/>
        <line num="538" type="stmt" count="0"/>
        <line num="541" type="stmt" count="0"/>
        <line num="542" type="stmt" count="0"/>
        <line num="544" type="stmt" count="6"/>
        <line num="545" type="stmt" count="6"/>
        <line num="546" type="stmt" count="6"/>
        <line num="547" type="stmt" count="1"/>
        <line num="548" type="stmt" count="1"/>
        <line num="549" type="stmt" count="5"/>
        <line num="550" type="stmt" count="5"/>
        <line num="551" type="stmt" count="5"/>
        <line num="552" type="stmt" count="5"/>
        <line num="553" type="stmt" count="5"/>
        <line num="554" type="stmt" count="5"/>
        <line num="555" type="stmt" count="5"/>
        <line num="556" type="stmt" count="5"/>
        <line num="557" type="stmt" count="5"/>
        <line num="558" type="stmt" count="1"/>
        <line num="559" type="stmt" count="1"/>
        <line num="561" type="stmt" count="4"/>
        <line num="562" type="stmt" count="1"/>
        <line num="563" type="stmt" count="1"/>
        <line num="564" type="stmt" count="1"/>
        <line num="565" type="stmt" count="1"/>
        <line num="566" type="stmt" count="1"/>
        <line num="567" type="stmt" count="1"/>
        <line num="568" type="stmt" count="1"/>
        <line num="571" type="stmt" count="1"/>
        <line num="572" type="stmt" count="1"/>
        <line num="573" type="stmt" count="3"/>
        <line num="574" type="stmt" count="1"/>
        <line num="575" type="stmt" count="1"/>
        <line num="578" type="stmt" count="2"/>
        <line num="579" type="stmt" count="2"/>
        <line num="581" type="stmt" count="2"/>
        <line num="582" type="stmt" count="2"/>
        <line num="583" type="stmt" count="2"/>
        <line num="584" type="stmt" count="2"/>
        <line num="585" type="stmt" count="2"/>
        <line num="588" type="stmt" count="2"/>
        <line num="589" type="stmt" count="2"/>
        <line num="592" type="stmt" count="0"/>
        <line num="593" type="stmt" count="0"/>
        <line num="595" type="stmt" count="0"/>
        <line num="596" type="stmt" count="0"/>
        <line num="597" type="stmt" count="0"/>
        <line num="598" type="stmt" count="0"/>
        <line num="599" type="stmt" count="0"/>
        <line num="602" type="stmt" count="0"/>
        <line num="603" type="stmt" count="0"/>
        <line num="605" type="stmt" count="0"/>
        <line num="607" type="stmt" count="27"/>
        <line num="608" type="stmt" count="27"/>
        <line num="613" type="method" name="removeQuotes" visibility="private" complexity="4" crap="4" count="2"/>
        <line num="615" type="stmt" count="2"/>
        <line num="616" type="stmt" count="2"/>
        <line num="617" type="stmt" count="2"/>
        <line num="618" type="stmt" count="2"/>
        <line num="621" type="stmt" count="2"/>
        <line num="628" type="method" name="getByPosition" visibility="private" complexity="18" crap="18" count="5"/>
        <line num="630" type="stmt" count="5"/>
        <line num="631" type="stmt" count="5"/>
        <line num="632" type="stmt" count="5"/>
        <line num="633" type="stmt" count="0"/>
        <line num="637" type="stmt" count="5"/>
        <line num="638" type="stmt" count="5"/>
        <line num="639" type="stmt" count="1"/>
        <line num="641" type="stmt" count="1"/>
        <line num="643" type="stmt" count="1"/>
        <line num="644" type="stmt" count="1"/>
        <line num="645" type="stmt" count="1"/>
        <line num="649" type="stmt" count="1"/>
        <line num="650" type="stmt" count="4"/>
        <line num="651" type="stmt" count="1"/>
        <line num="652" type="stmt" count="1"/>
        <line num="653" type="stmt" count="1"/>
        <line num="655" type="stmt" count="1"/>
        <line num="656" type="stmt" count="3"/>
        <line num="657" type="stmt" count="1"/>
        <line num="660" type="stmt" count="1"/>
        <line num="663" type="stmt" count="1"/>
        <line num="665" type="stmt" count="1"/>
        <line num="680" type="stmt" count="2"/>
        <line num="681" type="stmt" count="1"/>
        <line num="682" type="stmt" count="1"/>
        <line num="683" type="stmt" count="1"/>
        <line num="684" type="stmt" count="1"/>
        <line num="687" type="stmt" count="1"/>
        <line num="688" type="stmt" count="1"/>
        <line num="689" type="stmt" count="1"/>
        <line num="690" type="stmt" count="1"/>
        <line num="691" type="stmt" count="1"/>
        <line num="692" type="stmt" count="1"/>
        <line num="695" type="stmt" count="1"/>
        <line num="698" type="stmt" count="5"/>
        <line num="699" type="stmt" count="5"/>
        <line num="711" type="method" name="parseAnB" visibility="protected" complexity="8" crap="8.51" count="4"/>
        <line num="713" type="stmt" count="4"/>
        <line num="714" type="stmt" count="0"/>
        <line num="715" type="stmt" count="4"/>
        <line num="716" type="stmt" count="2"/>
        <line num="717" type="stmt" count="4"/>
        <line num="718" type="stmt" count="0"/>
        <line num="719" type="stmt" count="4"/>
        <line num="720" type="stmt" count="3"/>
        <line num="723" type="stmt" count="3"/>
        <line num="724" type="stmt" count="3"/>
        <line num="725" type="stmt" count="0"/>
        <line num="729" type="stmt" count="3"/>
        <line num="730" type="stmt" count="3"/>
        <line num="732" type="stmt" count="3"/>
        <line num="734" type="stmt" count="3"/>
        <line num="748" type="method" name="nthChild" visibility="protected" complexity="12" crap="12" count="4"/>
        <line num="753" type="stmt" count="4"/>
        <line num="754" type="stmt" count="4"/>
        <line num="756" type="stmt" count="4"/>
        <line num="757" type="stmt" count="4"/>
        <line num="758" type="stmt" count="4"/>
        <line num="763" type="stmt" count="4"/>
        <line num="765" type="stmt" count="4"/>
        <line num="766" type="stmt" count="4"/>
        <line num="772" type="stmt" count="4"/>
        <line num="774" type="stmt" count="4"/>
        <line num="778" type="stmt" count="4"/>
        <line num="779" type="stmt" count="4"/>
        <line num="784" type="stmt" count="4"/>
        <line num="785" type="stmt" count="2"/>
        <line num="788" type="stmt" count="2"/>
        <line num="792" type="stmt" count="4"/>
        <line num="793" type="stmt" count="3"/>
        <line num="794" type="stmt" count="3"/>
        <line num="800" type="stmt" count="2"/>
        <line num="801" type="stmt" count="2"/>
        <line num="802" type="stmt" count="2"/>
        <line num="807" type="stmt" count="4"/>
        <line num="809" type="stmt" count="4"/>
        <line num="810" type="stmt" count="4"/>
        <line num="833" type="method" name="nthLastChild" visibility="protected" complexity="1" crap="1" count="2"/>
        <line num="836" type="stmt" count="2"/>
        <line num="837" type="stmt" count="2"/>
        <line num="941" type="method" name="nthOfTypeChild" visibility="protected" complexity="11" crap="11" count="2"/>
        <line num="946" type="stmt" count="2"/>
        <line num="947" type="stmt" count="2"/>
        <line num="949" type="stmt" count="2"/>
        <line num="950" type="stmt" count="2"/>
        <line num="951" type="stmt" count="2"/>
        <line num="956" type="stmt" count="2"/>
        <line num="958" type="stmt" count="2"/>
        <line num="959" type="stmt" count="2"/>
        <line num="962" type="stmt" count="2"/>
        <line num="964" type="stmt" count="2"/>
        <line num="968" type="stmt" count="2"/>
        <line num="969" type="stmt" count="2"/>
        <line num="974" type="stmt" count="2"/>
        <line num="975" type="stmt" count="1"/>
        <line num="978" type="stmt" count="1"/>
        <line num="982" type="stmt" count="2"/>
        <line num="983" type="stmt" count="2"/>
        <line num="984" type="stmt" count="2"/>
        <line num="990" type="stmt" count="1"/>
        <line num="991" type="stmt" count="1"/>
        <line num="992" type="stmt" count="1"/>
        <line num="997" type="stmt" count="2"/>
        <line num="999" type="stmt" count="2"/>
        <line num="1000" type="stmt" count="2"/>
        <line num="1006" type="method" name="nthLastOfTypeChild" visibility="protected" complexity="1" crap="1" count="1"/>
        <line num="1008" type="stmt" count="1"/>
        <line num="1009" type="stmt" count="1"/>
        <line num="1014" type="method" name="lang" visibility="protected" complexity="3" crap="3" count="1"/>
        <line num="1019" type="stmt" count="1"/>
        <line num="1021" type="stmt" count="1"/>
        <line num="1022" type="stmt" count="1"/>
        <line num="1025" type="stmt" count="1"/>
        <line num="1026" type="stmt" count="1"/>
        <line num="1029" type="stmt" count="1"/>
        <line num="1030" type="stmt" count="1"/>
        <line num="1033" type="stmt" count="1"/>
        <line num="1040" type="stmt" count="1"/>
        <line num="1041" type="stmt" count="1"/>
        <line num="1043" type="stmt" count="1"/>
        <line num="1044" type="stmt" count="1"/>
        <line num="1056" type="method" name="not" visibility="protected" complexity="3" crap="3" count="1"/>
        <line num="1058" type="stmt" count="1"/>
        <line num="1060" type="stmt" count="1"/>
        <line num="1061" type="stmt" count="1"/>
        <line num="1062" type="stmt" count="1"/>
        <line num="1063" type="stmt" count="1"/>
        <line num="1064" type="stmt" count="1"/>
        <line num="1065" type="stmt" count="1"/>
        <line num="1070" type="stmt" count="1"/>
        <line num="1071" type="stmt" count="1"/>
        <line num="1077" type="method" name="has" visibility="public" complexity="3" crap="3" count="1"/>
        <line num="1079" type="stmt" count="1"/>
        <line num="1081" type="stmt" count="1"/>
        <line num="1082" type="stmt" count="1"/>
        <line num="1083" type="stmt" count="1"/>
        <line num="1084" type="stmt" count="1"/>
        <line num="1085" type="stmt" count="1"/>
        <line num="1086" type="stmt" count="1"/>
        <line num="1089" type="stmt" count="1"/>
        <line num="1091" type="stmt" count="1"/>
        <line num="1097" type="method" name="firstOfType" visibility="protected" complexity="6" crap="6" count="2"/>
        <line num="1099" type="stmt" count="2"/>
        <line num="1100" type="stmt" count="2"/>
        <line num="1101" type="stmt" count="2"/>
        <line num="1102" type="stmt" count="2"/>
        <line num="1103" type="stmt" count="2"/>
        <line num="1104" type="stmt" count="2"/>
        <line num="1105" type="stmt" count="2"/>
        <line num="1106" type="stmt" count="2"/>
        <line num="1107" type="stmt" count="2"/>
        <line num="1109" type="stmt" count="2"/>
        <line num="1113" type="stmt" count="2"/>
        <line num="1114" type="stmt" count="2"/>
        <line num="1119" type="method" name="lastOfType" visibility="protected" complexity="6" crap="6" count="1"/>
        <line num="1121" type="stmt" count="1"/>
        <line num="1122" type="stmt" count="1"/>
        <line num="1123" type="stmt" count="1"/>
        <line num="1124" type="stmt" count="1"/>
        <line num="1125" type="stmt" count="1"/>
        <line num="1126" type="stmt" count="1"/>
        <line num="1127" type="stmt" count="1"/>
        <line num="1128" type="stmt" count="1"/>
        <line num="1129" type="stmt" count="1"/>
        <line num="1130" type="stmt" count="1"/>
        <line num="1132" type="stmt" count="1"/>
        <line num="1136" type="stmt" count="1"/>
        <line num="1137" type="stmt" count="1"/>
        <line num="1142" type="method" name="onlyChild" visibility="protected" complexity="6" crap="6" count="1"/>
        <line num="1144" type="stmt" count="1"/>
        <line num="1145" type="stmt" count="1"/>
        <line num="1146" type="stmt" count="1"/>
        <line num="1147" type="stmt" count="1"/>
        <line num="1148" type="stmt" count="1"/>
        <line num="1149" type="stmt" count="1"/>
        <line num="1150" type="stmt" count="1"/>
        <line num="1151" type="stmt" count="1"/>
        <line num="1156" type="stmt" count="1"/>
        <line num="1157" type="stmt" count="1"/>
        <line num="1160" type="stmt" count="1"/>
        <line num="1161" type="stmt" count="1"/>
        <line num="1166" type="method" name="emptyElement" visibility="protected" complexity="6" crap="6.56" count="1"/>
        <line num="1168" type="stmt" count="1"/>
        <line num="1169" type="stmt" count="1"/>
        <line num="1170" type="stmt" count="1"/>
        <line num="1171" type="stmt" count="1"/>
        <line num="1172" type="stmt" count="1"/>
        <line num="1175" type="stmt" count="0"/>
        <line num="1176" type="stmt" count="0"/>
        <line num="1177" type="stmt" count="0"/>
        <line num="1180" type="stmt" count="1"/>
        <line num="1181" type="stmt" count="1"/>
        <line num="1184" type="stmt" count="1"/>
        <line num="1185" type="stmt" count="1"/>
        <line num="1190" type="method" name="onlyOfType" visibility="protected" complexity="8" crap="8.01" count="1"/>
        <line num="1192" type="stmt" count="1"/>
        <line num="1193" type="stmt" count="1"/>
        <line num="1194" type="stmt" count="1"/>
        <line num="1195" type="stmt" count="1"/>
        <line num="1196" type="stmt" count="0"/>
        <line num="1198" type="stmt" count="1"/>
        <line num="1199" type="stmt" count="1"/>
        <line num="1202" type="stmt" count="1"/>
        <line num="1203" type="stmt" count="1"/>
        <line num="1204" type="stmt" count="1"/>
        <line num="1205" type="stmt" count="1"/>
        <line num="1207" type="stmt" count="1"/>
        <line num="1208" type="stmt" count="1"/>
        <line num="1213" type="stmt" count="1"/>
        <line num="1214" type="stmt" count="1"/>
        <line num="1217" type="stmt" count="1"/>
        <line num="1218" type="stmt" count="1"/>
        <line num="1223" type="method" name="attrValMatches" visibility="protected" complexity="8" crap="8.15" count="3"/>
        <line num="1226" type="stmt" count="3"/>
        <line num="1227" type="stmt" count="0"/>
        <line num="1235" type="stmt" count="3"/>
        <line num="1236" type="stmt" count="3"/>
        <line num="1237" type="stmt" count="2"/>
        <line num="1238" type="stmt" count="1"/>
        <line num="1239" type="stmt" count="2"/>
        <line num="1240" type="stmt" count="2"/>
        <line num="1241" type="stmt" count="1"/>
        <line num="1242" type="stmt" count="1"/>
        <line num="1243" type="stmt" count="1"/>
        <line num="1244" type="stmt" count="1"/>
        <line num="1245" type="stmt" count="1"/>
        <line num="1247" type="stmt" count="1"/>
        <line num="1250" type="stmt" count="0"/>
        <line num="1258" type="method" name="pseudoElement" visibility="public" complexity="11" crap="11.24" count="1"/>
        <line num="1264" type="stmt" count="1"/>
        <line num="1265" type="stmt" count="1"/>
        <line num="1266" type="stmt" count="1"/>
        <line num="1267" type="stmt" count="1"/>
        <line num="1268" type="stmt" count="1"/>
        <line num="1269" type="stmt" count="1"/>
        <line num="1270" type="stmt" count="1"/>
        <line num="1271" type="stmt" count="1"/>
        <line num="1272" type="stmt" count="1"/>
        <line num="1273" type="stmt" count="1"/>
        <line num="1274" type="stmt" count="1"/>
        <line num="1275" type="stmt" count="1"/>
        <line num="1279" type="stmt" count="1"/>
        <line num="1280" type="stmt" count="1"/>
        <line num="1283" type="stmt" count="1"/>
        <line num="1284" type="stmt" count="1"/>
        <line num="1285" type="stmt" count="1"/>
        <line num="1286" type="stmt" count="1"/>
        <line num="1287" type="stmt" count="1"/>
        <line num="1288" type="stmt" count="1"/>
        <line num="1289" type="stmt" count="1"/>
        <line num="1290" type="stmt" count="1"/>
        <line num="1291" type="stmt" count="1"/>
        <line num="1292" type="stmt" count="1"/>
        <line num="1295" type="stmt" count="1"/>
        <line num="1296" type="stmt" count="1"/>
        <line num="1297" type="stmt" count="0"/>
        <line num="1298" type="stmt" count="0"/>
        <line num="1301" type="stmt" count="0"/>
        <line num="1303" type="stmt" count="0"/>
        <line num="1306" type="stmt" count="1"/>
        <line num="1307" type="stmt" count="1"/>
        <line num="1309" type="method" name="directDescendant" visibility="public" complexity="4" crap="4" count="8"/>
        <line num="1311" type="stmt" count="8"/>
        <line num="1313" type="stmt" count="8"/>
        <line num="1314" type="stmt" count="8"/>
        <line num="1315" type="stmt" count="8"/>
        <line num="1316" type="stmt" count="8"/>
        <line num="1317" type="stmt" count="8"/>
        <line num="1318" type="stmt" count="8"/>
        <line num="1322" type="stmt" count="8"/>
        <line num="1323" type="stmt" count="8"/>
        <line num="1340" type="method" name="adjacent" visibility="public" complexity="5" crap="5.03" count="1"/>
        <line num="1342" type="stmt" count="1"/>
        <line num="1345" type="stmt" count="1"/>
        <line num="1346" type="stmt" count="1"/>
        <line num="1347" type="stmt" count="1"/>
        <line num="1348" type="stmt" count="1"/>
        <line num="1349" type="stmt" count="1"/>
        <line num="1350" type="stmt" count="1"/>
        <line num="1352" type="stmt" count="0"/>
        <line num="1355" type="stmt" count="1"/>
        <line num="1356" type="stmt" count="1"/>
        <line num="1358" type="method" name="anotherSelector" visibility="public" complexity="3" crap="3" count="1"/>
        <line num="1360" type="stmt" count="1"/>
        <line num="1362" type="stmt" count="1"/>
        <line num="1364" type="stmt" count="1"/>
        <line num="1365" type="stmt" count="1"/>
        <line num="1370" type="stmt" count="1"/>
        <line num="1371" type="stmt" count="1"/>
        <line num="1372" type="stmt" count="1"/>
        <line num="1373" type="stmt" count="1"/>
        <line num="1382" type="method" name="sibling" visibility="public" complexity="5" crap="5" count="1"/>
        <line num="1384" type="stmt" count="1"/>
        <line num="1387" type="stmt" count="1"/>
        <line num="1388" type="stmt" count="1"/>
        <line num="1389" type="stmt" count="1"/>
        <line num="1397" type="stmt" count="1"/>
        <line num="1398" type="stmt" count="1"/>
        <line num="1399" type="stmt" count="1"/>
        <line num="1400" type="stmt" count="1"/>
        <line num="1404" type="stmt" count="1"/>
        <line num="1406" type="stmt" count="1"/>
        <line num="1411" type="method" name="anyDescendant" visibility="public" complexity="2" crap="2" count="6"/>
        <line num="1414" type="stmt" count="6"/>
        <line num="1415" type="stmt" count="6"/>
        <line num="1416" type="stmt" count="6"/>
        <line num="1418" type="stmt" count="6"/>
        <line num="1420" type="stmt" count="6"/>
        <line num="1423" type="stmt" count="6"/>
        <line num="1424" type="stmt" count="6"/>
        <line num="1435" type="method" name="candidateList" visibility="private" complexity="2" crap="2" count="42"/>
        <line num="1437" type="stmt" count="42"/>
        <line num="1438" type="stmt" count="41"/>
        <line num="1441" type="stmt" count="30"/>
        <line num="1455" type="method" name="getAllCandidates" visibility="private" complexity="2" crap="2" count="41"/>
        <line num="1457" type="stmt" count="41"/>
        <line num="1458" type="stmt" count="41"/>
        <line num="1459" type="stmt" count="41"/>
        <line num="1460" type="stmt" count="41"/>
        <line num="1462" type="stmt" count="41"/>
        <line num="1465" type="stmt" count="41"/>
        <line num="1485" type="method" name="attachNodeList" visibility="public" complexity="2" crap="2" count="42"/>
        <line num="1487" type="stmt" count="42"/>
        <line num="1488" type="stmt" count="42"/>
        <line num="1490" type="stmt" count="42"/>
        <metrics loc="1492" ncloc="754" classes="1" methods="39" coveredmethods="26" conditionals="0" coveredconditionals="0" statements="602" coveredstatements="538" elements="641" coveredelements="564"/>
      </file>
      <file name="/srv/querypath/src/CSS/Scanner.php">
        <class name="QueryPath\CSS\Scanner" namespace="QueryPath\CSS">
          <metrics complexity="60" methods="7" coveredmethods="4" conditionals="0" coveredconditionals="0" statements="134" coveredstatements="128" elements="141" coveredelements="132"/>
        </class>
        <line num="32" type="method" name="__construct" visibility="public" complexity="1" crap="1" count="198"/>
        <line num="34" type="stmt" count="198"/>
        <line num="35" type="stmt" count="198"/>
        <line num="40" type="method" name="position" visibility="public" complexity="1" crap="1" count="197"/>
        <line num="42" type="stmt" count="197"/>
        <line num="51" type="method" name="peek" visibility="public" complexity="1" crap="1" count="5"/>
        <line num="53" type="stmt" count="5"/>
        <line num="69" type="method" name="nextToken" visibility="public" complexity="32" crap="32" count="198"/>
        <line num="71" type="stmt" count="198"/>
        <line num="72" type="stmt" count="198"/>
        <line num="73" type="stmt" count="198"/>
        <line num="74" type="stmt" count="192"/>
        <line num="75" type="stmt" count="0"/>
        <line num="78" type="stmt" count="192"/>
        <line num="79" type="stmt" count="192"/>
        <line num="81" type="stmt" count="192"/>
        <line num="83" type="stmt" count="198"/>
        <line num="85" type="stmt" count="198"/>
        <line num="86" type="stmt" count="44"/>
        <line num="87" type="stmt" count="44"/>
        <line num="90" type="stmt" count="44"/>
        <line num="93" type="stmt" count="198"/>
        <line num="95" type="stmt" count="195"/>
        <line num="96" type="stmt" count="195"/>
        <line num="98" type="stmt" count="195"/>
        <line num="101" type="stmt" count="133"/>
        <line num="104" type="stmt" count="133"/>
        <line num="105" type="stmt" count="14"/>
        <line num="106" type="stmt" count="14"/>
        <line num="107" type="stmt" count="132"/>
        <line num="108" type="stmt" count="25"/>
        <line num="109" type="stmt" count="25"/>
        <line num="110" type="stmt" count="127"/>
        <line num="111" type="stmt" count="20"/>
        <line num="112" type="stmt" count="20"/>
        <line num="113" type="stmt" count="121"/>
        <line num="114" type="stmt" count="47"/>
        <line num="115" type="stmt" count="47"/>
        <line num="116" type="stmt" count="86"/>
        <line num="117" type="stmt" count="12"/>
        <line num="118" type="stmt" count="12"/>
        <line num="119" type="stmt" count="86"/>
        <line num="120" type="stmt" count="11"/>
        <line num="121" type="stmt" count="11"/>
        <line num="122" type="stmt" count="84"/>
        <line num="123" type="stmt" count="55"/>
        <line num="124" type="stmt" count="55"/>
        <line num="125" type="stmt" count="51"/>
        <line num="126" type="stmt" count="19"/>
        <line num="127" type="stmt" count="19"/>
        <line num="128" type="stmt" count="51"/>
        <line num="129" type="stmt" count="19"/>
        <line num="130" type="stmt" count="19"/>
        <line num="131" type="stmt" count="38"/>
        <line num="132" type="stmt" count="8"/>
        <line num="133" type="stmt" count="8"/>
        <line num="134" type="stmt" count="32"/>
        <line num="135" type="stmt" count="10"/>
        <line num="136" type="stmt" count="10"/>
        <line num="137" type="stmt" count="27"/>
        <line num="138" type="stmt" count="10"/>
        <line num="139" type="stmt" count="10"/>
        <line num="140" type="stmt" count="25"/>
        <line num="141" type="stmt" count="14"/>
        <line num="142" type="stmt" count="14"/>
        <line num="143" type="stmt" count="17"/>
        <line num="144" type="stmt" count="6"/>
        <line num="145" type="stmt" count="6"/>
        <line num="146" type="stmt" count="11"/>
        <line num="147" type="stmt" count="8"/>
        <line num="148" type="stmt" count="8"/>
        <line num="149" type="stmt" count="9"/>
        <line num="150" type="stmt" count="2"/>
        <line num="151" type="stmt" count="2"/>
        <line num="152" type="stmt" count="9"/>
        <line num="153" type="stmt" count="4"/>
        <line num="154" type="stmt" count="4"/>
        <line num="155" type="stmt" count="6"/>
        <line num="156" type="stmt" count="5"/>
        <line num="157" type="stmt" count="5"/>
        <line num="158" type="stmt" count="4"/>
        <line num="159" type="stmt" count="2"/>
        <line num="160" type="stmt" count="2"/>
        <line num="161" type="stmt" count="3"/>
        <line num="162" type="stmt" count="1"/>
        <line num="163" type="stmt" count="1"/>
        <line num="168" type="stmt" count="133"/>
        <line num="173" type="stmt" count="2"/>
        <line num="177" type="stmt" count="2"/>
        <line num="178" type="stmt" count="1"/>
        <line num="180" type="stmt" count="1"/>
        <line num="184" type="stmt" count="132"/>
        <line num="186" type="stmt" count="132"/>
        <line num="194" type="method" name="getNameString" visibility="public" complexity="2" crap="2" count="195"/>
        <line num="196" type="stmt" count="195"/>
        <line num="197" type="stmt" count="195"/>
        <line num="198" type="stmt" count="195"/>
        <line num="199" type="stmt" count="195"/>
        <line num="203" type="stmt" count="195"/>
        <line num="222" type="method" name="getQuotedString" visibility="public" complexity="11" crap="11.02" count="6"/>
        <line num="224" type="stmt" count="6"/>
        <line num="225" type="stmt" count="6"/>
        <line num="226" type="stmt" count="6"/>
        <line num="227" type="stmt" count="6"/>
        <line num="229" type="stmt" count="6"/>
        <line num="232" type="stmt" count="6"/>
        <line num="234" type="stmt" count="6"/>
        <line num="238" type="stmt" count="1"/>
        <line num="239" type="stmt" count="6"/>
        <line num="241" type="stmt" count="1"/>
        <line num="242" type="stmt" count="1"/>
        <line num="243" type="stmt" count="6"/>
        <line num="245" type="stmt" count="6"/>
        <line num="246" type="stmt" count="6"/>
        <line num="249" type="stmt" count="6"/>
        <line num="251" type="stmt" count="6"/>
        <line num="254" type="stmt" count="6"/>
        <line num="256" type="stmt" count="0"/>
        <line num="259" type="method" name="getPseudoClassString" visibility="public" complexity="12" crap="12.87" count="19"/>
        <line num="261" type="stmt" count="19"/>
        <line num="262" type="stmt" count="19"/>
        <line num="263" type="stmt" count="19"/>
        <line num="264" type="stmt" count="19"/>
        <line num="266" type="stmt" count="19"/>
        <line num="269" type="stmt" count="19"/>
        <line num="271" type="stmt" count="19"/>
        <line num="275" type="stmt" count="2"/>
        <line num="276" type="stmt" count="19"/>
        <line num="278" type="stmt" count="2"/>
        <line num="279" type="stmt" count="2"/>
        <line num="281" type="stmt" count="19"/>
        <line num="282" type="stmt" count="0"/>
        <line num="283" type="stmt" count="0"/>
        <line num="284" type="stmt" count="0"/>
        <line num="285" type="stmt" count="19"/>
        <line num="287" type="stmt" count="19"/>
        <line num="288" type="stmt" count="19"/>
        <line num="291" type="stmt" count="18"/>
        <line num="293" type="stmt" count="18"/>
        <line num="296" type="stmt" count="19"/>
        <line num="298" type="stmt" count="0"/>
        <metrics loc="318" ncloc="172" classes="1" methods="7" coveredmethods="4" conditionals="0" coveredconditionals="0" statements="134" coveredstatements="128" elements="141" coveredelements="132"/>
      </file>
      <file name="/srv/querypath/src/CSS/Selector.php">
        <class name="QueryPath\CSS\Selector" namespace="QueryPath\CSS">
          <metrics complexity="20" methods="20" coveredmethods="19" conditionals="0" coveredconditionals="0" statements="51" coveredstatements="50" elements="71" coveredelements="69"/>
        </class>
        <line num="57" type="method" name="__construct" visibility="public" complexity="1" crap="1" count="135"/>
        <line num="59" type="stmt" count="135"/>
        <line num="61" type="stmt" count="135"/>
        <line num="62" type="stmt" count="135"/>
        <line num="64" type="method" name="getIterator" visibility="public" complexity="1" crap="1" count="126"/>
        <line num="66" type="stmt" count="126"/>
        <line num="76" type="method" name="toArray" visibility="public" complexity="1" crap="1" count="9"/>
        <line num="78" type="stmt" count="9"/>
        <line num="81" type="method" name="count" visibility="public" complexity="1" crap="2" count="0"/>
        <line num="83" type="stmt" count="0"/>
        <line num="86" type="method" name="elementID" visibility="public" complexity="1" crap="1" count="35"/>
        <line num="88" type="stmt" count="35"/>
        <line num="89" type="stmt" count="35"/>
        <line num="91" type="method" name="element" visibility="public" complexity="1" crap="1" count="119"/>
        <line num="93" type="stmt" count="119"/>
        <line num="94" type="stmt" count="119"/>
        <line num="96" type="method" name="elementNS" visibility="public" complexity="1" crap="1" count="2"/>
        <line num="98" type="stmt" count="2"/>
        <line num="99" type="stmt" count="2"/>
        <line num="100" type="stmt" count="2"/>
        <line num="102" type="method" name="anyElement" visibility="public" complexity="1" crap="1" count="1"/>
        <line num="104" type="stmt" count="1"/>
        <line num="105" type="stmt" count="1"/>
        <line num="107" type="method" name="anyElementInNS" visibility="public" complexity="1" crap="1" count="1"/>
        <line num="109" type="stmt" count="1"/>
        <line num="110" type="stmt" count="1"/>
        <line num="111" type="stmt" count="1"/>
        <line num="113" type="method" name="elementClass" visibility="public" complexity="1" crap="1" count="10"/>
        <line num="115" type="stmt" count="10"/>
        <line num="116" type="stmt" count="10"/>
        <line num="118" type="method" name="attribute" visibility="public" complexity="1" crap="1" count="5"/>
        <line num="120" type="stmt" count="5"/>
        <line num="121" type="stmt" count="5"/>
        <line num="122" type="stmt" count="5"/>
        <line num="123" type="stmt" count="5"/>
        <line num="125" type="stmt" count="5"/>
        <line num="127" type="method" name="attributeNS" visibility="public" complexity="1" crap="1" count="2"/>
        <line num="129" type="stmt" count="2"/>
        <line num="130" type="stmt" count="2"/>
        <line num="131" type="stmt" count="2"/>
        <line num="132" type="stmt" count="2"/>
        <line num="133" type="stmt" count="2"/>
        <line num="135" type="stmt" count="2"/>
        <line num="137" type="method" name="pseudoClass" visibility="public" complexity="1" crap="1" count="20"/>
        <line num="139" type="stmt" count="20"/>
        <line num="140" type="stmt" count="20"/>
        <line num="142" type="method" name="pseudoElement" visibility="public" complexity="1" crap="1" count="3"/>
        <line num="144" type="stmt" count="3"/>
        <line num="145" type="stmt" count="3"/>
        <line num="147" type="method" name="combinator" visibility="public" complexity="1" crap="1" count="22"/>
        <line num="149" type="stmt" count="22"/>
        <line num="150" type="stmt" count="22"/>
        <line num="151" type="stmt" count="22"/>
        <line num="153" type="stmt" count="22"/>
        <line num="155" type="method" name="directDescendant" visibility="public" complexity="1" crap="1" count="14"/>
        <line num="157" type="stmt" count="14"/>
        <line num="158" type="stmt" count="14"/>
        <line num="160" type="method" name="adjacent" visibility="public" complexity="1" crap="1" count="1"/>
        <line num="162" type="stmt" count="1"/>
        <line num="163" type="stmt" count="1"/>
        <line num="165" type="method" name="anotherSelector" visibility="public" complexity="1" crap="1" count="3"/>
        <line num="167" type="stmt" count="3"/>
        <line num="168" type="stmt" count="3"/>
        <line num="169" type="stmt" count="3"/>
        <line num="170" type="stmt" count="3"/>
        <line num="172" type="method" name="sibling" visibility="public" complexity="1" crap="1" count="3"/>
        <line num="174" type="stmt" count="3"/>
        <line num="175" type="stmt" count="3"/>
        <line num="177" type="method" name="anyDescendant" visibility="public" complexity="1" crap="1" count="7"/>
        <line num="179" type="stmt" count="7"/>
        <line num="180" type="stmt" count="7"/>
        <metrics loc="181" ncloc="128" classes="1" methods="20" coveredmethods="19" conditionals="0" coveredconditionals="0" statements="51" coveredstatements="50" elements="71" coveredelements="69"/>
      </file>
      <file name="/srv/querypath/src/CSS/SimpleSelector.php">
        <class name="QueryPath\CSS\SimpleSelector" namespace="QueryPath\CSS">
          <metrics complexity="34" methods="5" coveredmethods="1" conditionals="0" coveredconditionals="0" statements="60" coveredstatements="1" elements="65" coveredelements="2"/>
        </class>
        <line num="52" type="method" name="attributeOperator" visibility="public" complexity="6" crap="42" count="0"/>
        <line num="55" type="stmt" count="0"/>
        <line num="56" type="stmt" count="0"/>
        <line num="57" type="stmt" count="0"/>
        <line num="58" type="stmt" count="0"/>
        <line num="59" type="stmt" count="0"/>
        <line num="60" type="stmt" count="0"/>
        <line num="61" type="stmt" count="0"/>
        <line num="62" type="stmt" count="0"/>
        <line num="63" type="stmt" count="0"/>
        <line num="64" type="stmt" count="0"/>
        <line num="66" type="stmt" count="0"/>
        <line num="74" type="method" name="combinatorOperator" visibility="public" complexity="6" crap="42" count="0"/>
        <line num="77" type="stmt" count="0"/>
        <line num="78" type="stmt" count="0"/>
        <line num="79" type="stmt" count="0"/>
        <line num="80" type="stmt" count="0"/>
        <line num="81" type="stmt" count="0"/>
        <line num="82" type="stmt" count="0"/>
        <line num="83" type="stmt" count="0"/>
        <line num="84" type="stmt" count="0"/>
        <line num="85" type="stmt" count="0"/>
        <line num="86" type="stmt" count="0"/>
        <line num="88" type="stmt" count="0"/>
        <line num="93" type="method" name="__construct" visibility="public" complexity="1" crap="1" count="135"/>
        <line num="95" type="stmt" count="135"/>
        <line num="100" type="method" name="notEmpty" visibility="public" complexity="7" crap="56" count="0"/>
[...]
        <line num="53" type="method" name="doReplacement" visibility="protected" complexity="5" crap="5.03" count="5"/>
        <line num="60" type="stmt" count="5"/>
        <line num="62" type="stmt" count="5"/>
        <line num="64" type="stmt" count="3"/>
        <line num="65" type="stmt" count="4"/>
        <line num="66" type="stmt" count="4"/>
        <line num="68" type="stmt" count="3"/>
        <line num="69" type="stmt" count="3"/>
        <line num="71" type="stmt" count="3"/>
        <line num="73" type="stmt" count="0"/>
        <line num="85" type="method" name="replaceEntity" visibility="public" complexity="1" crap="1" count="4"/>
        <line num="87" type="stmt" count="4"/>
        <metrics loc="357" ncloc="283" classes="1" methods="3" coveredmethods="2" conditionals="0" coveredconditionals="0" statements="11" coveredstatements="10" elements="14" coveredelements="12"/>
      </file>
      <file name="/srv/querypath/src/Exception.php">
        <class name="QueryPath\Exception" namespace="QueryPath">
          <metrics complexity="0" methods="0" coveredmethods="0" conditionals="0" coveredconditionals="0" statements="0" coveredstatements="0" elements="0" coveredelements="0"/>
        </class>
        <metrics loc="13" ncloc="3" classes="0" methods="0" coveredmethods="0" conditionals="0" coveredconditionals="0" statements="0" coveredstatements="0" elements="0" coveredelements="0"/>
      </file>
      <file name="/srv/querypath/src/ExtensionRegistry.php">
        <class name="QueryPath\ExtensionRegistry" namespace="QueryPath">
          <metrics complexity="9" methods="7" coveredmethods="6" conditionals="0" coveredconditionals="0" statements="16" coveredstatements="15" elements="23" coveredelements="21"/>
        </class>
        <line num="45" type="method" name="extend" visibility="public" complexity="2" crap="2" count="2"/>
        <line num="47" type="stmt" count="2"/>
        <line num="48" type="stmt" count="2"/>
        <line num="49" type="stmt" count="2"/>
        <line num="50" type="stmt" count="2"/>
        <line num="51" type="stmt" count="2"/>
        <line num="53" type="stmt" count="2"/>
        <line num="65" type="method" name="hasMethod" visibility="public" complexity="1" crap="1" count="8"/>
        <line num="67" type="stmt" count="8"/>
        <line num="81" type="method" name="hasExtension" visibility="public" complexity="1" crap="1" count="2"/>
        <line num="83" type="stmt" count="2"/>
        <line num="100" type="method" name="getMethodClass" visibility="public" complexity="1" crap="1" count="7"/>
        <line num="102" type="stmt" count="7"/>
        <line num="117" type="method" name="getExtensions" visibility="public" complexity="2" crap="2" count="9"/>
        <line num="119" type="stmt" count="9"/>
        <line num="120" type="stmt" count="9"/>
        <line num="121" type="stmt" count="8"/>
        <line num="124" type="stmt" count="9"/>
        <line num="127" type="method" name="extensionNames" visibility="public" complexity="1" crap="2" count="0"/>
        <line num="129" type="stmt" count="0"/>
        <line num="139" type="method" name="autoloadExtensions" visibility="public" complexity="1" crap="1" count="1"/>
        <line num="141" type="stmt" count="1"/>
        <line num="142" type="stmt" count="1"/>
        <metrics loc="143" ncloc="56" classes="1" methods="7" coveredmethods="6" conditionals="0" coveredconditionals="0" statements="16" coveredstatements="15" elements="23" coveredelements="21"/>
      </file>
      <file name="/srv/querypath/src/IOException.php">
        <class name="QueryPath\IOException" namespace="QueryPath">
          <metrics complexity="1" methods="1" coveredmethods="1" conditionals="0" coveredconditionals="0" statements="2" coveredstatements="2" elements="3" coveredelements="3"/>
        </class>
        <line num="18" type="method" name="initializeFromError" visibility="public" complexity="1" crap="1" count="3"/>
        <line num="20" type="stmt" count="3"/>
        <line num="21" type="stmt" count="3"/>
        <metrics loc="23" ncloc="13" classes="1" methods="1" coveredmethods="1" conditionals="0" coveredconditionals="0" statements="2" coveredstatements="2" elements="3" coveredelements="3"/>
      </file>
      <file name="/srv/querypath/src/Options.php">
        <class name="QueryPath\Options" namespace="QueryPath">
          <metrics complexity="4" methods="4" coveredmethods="4" conditionals="0" coveredconditionals="0" statements="6" coveredstatements="6" elements="10" coveredelements="10"/>
        </class>
        <line num="51" type="method" name="set" complexity="1" crap="1" count="6"/>
        <line num="53" type="stmt" count="6"/>
        <line num="54" type="stmt" count="6"/>
        <line num="66" type="method" name="get" complexity="1" crap="1" count="144"/>
        <line num="68" type="stmt" count="144"/>
        <line num="80" type="method" name="merge" complexity="1" crap="1" count="2"/>
        <line num="82" type="stmt" count="2"/>
        <line num="83" type="stmt" count="2"/>
        <line num="91" type="method" name="has" complexity="1" crap="1" count="2"/>
        <line num="93" type="stmt" count="2"/>
        <metrics loc="95" ncloc="30" classes="1" methods="4" coveredmethods="4" conditionals="0" coveredconditionals="0" statements="6" coveredstatements="6" elements="10" coveredelements="10"/>
      </file>
      <file name="/srv/querypath/src/ParseException.php">
        <class name="QueryPath\ParseException" namespace="QueryPath">
          <metrics complexity="6" methods="2" coveredmethods="1" conditionals="0" coveredconditionals="0" statements="14" coveredstatements="12" elements="16" coveredelements="13"/>
        </class>
        <line num="24" type="method" name="__construct" visibility="public" complexity="5" crap="5.12" count="10"/>
        <line num="27" type="stmt" count="10"/>
        <line num="28" type="stmt" count="10"/>
        <line num="29" type="stmt" count="0"/>
        <line num="30" type="stmt" count="0"/>
        <line num="32" type="stmt" count="10"/>
        <line num="34" type="stmt" count="10"/>
        <line num="35" type="stmt" count="10"/>
        <line num="36" type="stmt" count="10"/>
        <line num="37" type="stmt" count="10"/>
        <line num="39" type="stmt" count="10"/>
        <line num="42" type="stmt" count="10"/>
        <line num="43" type="stmt" count="10"/>
        <line num="45" type="method" name="initializeFromError" visibility="public" complexity="1" crap="1" count="7"/>
        <line num="48" type="stmt" count="7"/>
        <line num="49" type="stmt" count="7"/>
        <metrics loc="51" ncloc="35" classes="1" methods="2" coveredmethods="1" conditionals="0" coveredconditionals="0" statements="14" coveredstatements="12" elements="16" coveredelements="13"/>
      </file>
      <file name="/srv/querypath/src/QueryPath.php">
        <class name="QueryPath\QueryPath" namespace="QueryPath">
          <metrics complexity="16" methods="7" coveredmethods="2" conditionals="0" coveredconditionals="0" statements="27" coveredstatements="19" elements="34" coveredelements="21"/>
        </class>
        <line num="186" type="method" name="with" visibility="public" complexity="2" crap="2" count="139"/>
        <line num="188" type="stmt" count="139"/>
        <line num="190" type="stmt" count="139"/>
        <line num="192" type="stmt" count="132"/>
        <line num="195" type="method" name="withXML" visibility="public" complexity="1" crap="2" count="0"/>
        <line num="198" type="stmt" count="0"/>
        <line num="201" type="stmt" count="0"/>
        <line num="204" type="method" name="withHTML" visibility="public" complexity="1" crap="1" count="1"/>
        <line num="211" type="stmt" count="1"/>
        <line num="220" type="stmt" count="1"/>
        <line num="252" type="method" name="withHTML5" visibility="public" complexity="5" crap="5.05" count="1"/>
        <line num="254" type="stmt" count="1"/>
        <line num="256" type="stmt" count="1"/>
        <line num="257" type="stmt" count="1"/>
        <line num="258" type="stmt" count="1"/>
        <line num="259" type="stmt" count="1"/>
        <line num="261" type="stmt" count="0"/>
        <line num="265" type="stmt" count="1"/>
        <line num="267" type="stmt" count="1"/>
        <line num="304" type="method" name="enable" visibility="public" complexity="3" crap="3.58" count="1"/>
        <line num="307" type="stmt" count="1"/>
        <line num="308" type="stmt" count="0"/>
        <line num="309" type="stmt" count="0"/>
        <line num="312" type="stmt" count="1"/>
        <line num="314" type="stmt" count="1"/>
        <line num="333" type="method" name="enabledExtensions" visibility="public" complexity="1" crap="2" count="0"/>
        <line num="335" type="stmt" count="0"/>
        <line num="363" type="method" name="encodeDataURL" visibility="public" complexity="3" crap="3.33" count="2"/>
        <line num="365" type="stmt" count="2"/>
        <line num="366" type="stmt" count="0"/>
        <line num="367" type="stmt" count="2"/>
        <line num="368" type="stmt" count="0"/>
        <line num="371" type="stmt" count="2"/>
        <line num="373" type="stmt" count="2"/>
        <metrics loc="376" ncloc="115" classes="1" methods="7" coveredmethods="2" conditionals="0" coveredconditionals="0" statements="27" coveredstatements="19" elements="34" coveredelements="21"/>
      </file>
      <file name="/srv/querypath/src/QueryPathIterator.php">
        <class name="QueryPath\QueryPathIterator" namespace="QueryPath">
          <metrics complexity="2" methods="1" coveredmethods="1" conditionals="0" coveredconditionals="0" statements="6" coveredstatements="6" elements="7" coveredelements="7"/>
        </class>
        <line num="27" type="method" name="current" visibility="public" complexity="2" crap="2" count="5"/>
        <line num="29" type="stmt" count="5"/>
        <line num="30" type="stmt" count="5"/>
        <line num="32" type="stmt" count="5"/>
        <line num="33" type="stmt" count="5"/>
        <line num="34" type="stmt" count="5"/>
        <line num="37" type="stmt" count="5"/>
        <metrics loc="39" ncloc="25" classes="1" methods="1" coveredmethods="1" conditionals="0" coveredconditionals="0" statements="6" coveredstatements="6" elements="7" coveredelements="7"/>
      </file>
    </package>
    <file name="/srv/querypath/src/Extension.php">
      <metrics loc="94" ncloc="7" classes="0" methods="0" coveredmethods="0" conditionals="0" coveredconditionals="0" statements="0" coveredstatements="0" elements="0" coveredelements="0"/>
    </file>
    <package name="QueryPath\Extension">
      <file name="/srv/querypath/src/Extension/QPXML.php">
        <class name="QueryPath\Extension\QPXML" namespace="QueryPath\Extension">
          <metrics complexity="36" methods="9" coveredmethods="1" conditionals="0" coveredconditionals="0" statements="64" coveredstatements="30" elements="73" coveredelements="31"/>
        </class>
        <line num="28" type="method" name="__construct" visibility="public" complexity="1" crap="1" count="8"/>
        <line num="30" type="stmt" count="8"/>
        <line num="31" type="stmt" count="8"/>
        <line num="33" type="method" name="schema" visibility="public" complexity="2" crap="6" count="0"/>
        <line num="35" type="stmt" count="0"/>
        <line num="37" type="stmt" count="0"/>
        <line num="38" type="stmt" count="0"/>
        <line num="40" type="stmt" count="0"/>
        <line num="62" type="method" name="cdata" visibility="public" complexity="6" crap="6.04" count="1"/>
        <line num="64" type="stmt" count="1"/>
        <line num="66" type="stmt" count="1"/>
        <line num="67" type="stmt" count="1"/>
        <line num="68" type="stmt" count="1"/>
        <line num="71" type="stmt" count="1"/>
        <line num="75" type="stmt" count="1"/>
        <line num="76" type="stmt" count="1"/>
        <line num="77" type="stmt" count="1"/>
        <line num="79" type="stmt" count="1"/>
        <line num="84" type="stmt" count="0"/>
        <line num="107" type="method" name="comment" visibility="public" complexity="6" crap="6.04" count="1"/>
        <line num="109" type="stmt" count="1"/>
        <line num="110" type="stmt" count="1"/>
        <line num="111" type="stmt" count="1"/>
        <line num="112" type="stmt" count="1"/>
        <line num="115" type="stmt" count="1"/>
        <line num="117" type="stmt" count="1"/>
        <line num="118" type="stmt" count="1"/>
        <line num="119" type="stmt" count="1"/>
        <line num="121" type="stmt" count="1"/>
        <line num="125" type="stmt" count="0"/>
        <line num="130" type="method" name="pi" visibility="public" complexity="8" crap="8.79" count="1"/>
        <line num="132" type="stmt" count="1"/>
        <line num="133" type="stmt" count="1"/>
        <line num="134" type="stmt" count="1"/>
        <line num="135" type="stmt" count="1"/>
        <line num="138" type="stmt" count="1"/>
        <line num="140" type="stmt" count="1"/>
        <line num="141" type="stmt" count="1"/>
        <line num="142" type="stmt" count="1"/>
        <line num="144" type="stmt" count="1"/>
        <line num="145" type="stmt" count="0"/>
        <line num="146" type="stmt" count="0"/>
        <line num="150" type="stmt" count="1"/>
        <line num="155" type="stmt" count="0"/>
        <line num="157" type="method" name="toXml" visibility="public" complexity="1" crap="2" count="0"/>
        <line num="159" type="stmt" count="0"/>
        <line num="169" type="method" name="createNilElement" visibility="public" complexity="2" crap="6" count="0"/>
        <line num="171" type="stmt" count="0"/>
        <line num="172" type="stmt" count="0"/>
        <line num="173" type="stmt" count="0"/>
        <line num="175" type="stmt" count="0"/>
        <line num="186" type="method" name="createElement" visibility="public" complexity="7" crap="56" count="0"/>
        <line num="188" type="stmt" count="0"/>
        <line num="189" type="stmt" count="0"/>
        <line num="190" type="stmt" count="0"/>
        <line num="191" type="stmt" count="0"/>
        <line num="192" type="stmt" count="0"/>
        <line num="194" type="stmt" count="0"/>
        <line num="195" type="stmt" count="0"/>
        <line num="199" type="stmt" count="0"/>
        <line num="200" type="stmt" count="0"/>
        <line num="201" type="stmt" count="0"/>
        <line num="202" type="stmt" count="0"/>
        <line num="203" type="stmt" count="0"/>
        <line num="206" type="stmt" count="0"/>
        <line num="209" type="stmt" count="0"/>
        <line num="213" type="stmt" count="0"/>
        <line num="222" type="method" name="appendElement" visibility="public" complexity="3" crap="12" count="0"/>
        <line num="224" type="stmt" count="0"/>
        <line num="225" type="stmt" count="0"/>
        <line num="226" type="stmt" count="0"/>
        <line num="227" type="stmt" count="0"/>
        <line num="231" type="stmt" count="0"/>
        <metrics loc="233" ncloc="140" classes="1" methods="9" coveredmethods="1" conditionals="0" coveredconditionals="0" statements="64" coveredstatements="30" elements="73" coveredelements="31"/>
      </file>
      <file name="/srv/querypath/src/Extension/QPXSL.php">
        <class name="QueryPath\Extension\QPXSL" namespace="QueryPath\Extension">
          <metrics complexity="3" methods="2" coveredmethods="2" conditionals="0" coveredconditionals="0" statements="9" coveredstatements="9" elements="11" coveredelements="11"/>
        </class>
        <line num="50" type="method" name="__construct" visibility="public" complexity="1" crap="1" count="5"/>
        <line num="52" type="stmt" count="5"/>
        <line num="53" type="stmt" count="5"/>
        <line num="70" type="method" name="xslt" visibility="public" complexity="2" crap="2" count="1"/>
        <line num="72" type="stmt" count="1"/>
        <line num="73" type="stmt" count="1"/>
        <line num="75" type="stmt" count="1"/>
        <line num="76" type="stmt" count="1"/>
        <line num="77" type="stmt" count="1"/>
        <line num="78" type="stmt" count="1"/>
        <line num="80" type="stmt" count="1"/>
        <metrics loc="82" ncloc="29" classes="1" methods="2" coveredmethods="2" conditionals="0" coveredconditionals="0" statements="9" coveredstatements="9" elements="11" coveredelements="11"/>
      </file>
    </package>
    <file name="/srv/querypath/src/Query.php">
      <metrics loc="23" ncloc="23" classes="0" methods="0" coveredmethods="0" conditionals="0" coveredconditionals="0" statements="0" coveredstatements="0" elements="0" coveredelements="0"/>
    </file>
    <file name="/srv/querypath/src/documentation.php">
      <metrics loc="261" ncloc="3" classes="0" methods="0" coveredmethods="0" conditionals="0" coveredconditionals="0" statements="0" coveredstatements="0" elements="0" coveredelements="0"/>
    </file>
    <file name="/srv/querypath/src/qp.php">
      <line num="30" type="stmt" count="0"/>
      <line num="33" type="stmt" count="0"/>
      <line num="36" type="stmt" count="0"/>
      <line num="37" type="stmt" count="0"/>
      <line num="38" type="stmt" count="0"/>
      <line num="39" type="stmt" count="0"/>
      <line num="40" type="stmt" count="0"/>
      <line num="41" type="stmt" count="0"/>
      <line num="42" type="stmt" count="0"/>
      <line num="43" type="stmt" count="0"/>
      <line num="44" type="stmt" count="0"/>
      <line num="45" type="stmt" count="0"/>
      <line num="47" type="stmt" count="0"/>
      <line num="48" type="stmt" count="0"/>
      <line num="49" type="stmt" count="0"/>
      <line num="50" type="stmt" count="0"/>
      <line num="51" type="stmt" count="0"/>
      <line num="52" type="stmt" count="0"/>
      <line num="53" type="stmt" count="0"/>
      <line num="54" type="stmt" count="0"/>
      <line num="55" type="stmt" count="0"/>
      <line num="56" type="stmt" count="0"/>
      <line num="57" type="stmt" count="0"/>
      <line num="58" type="stmt" count="0"/>
      <line num="59" type="stmt" count="0"/>
      <line num="60" type="stmt" count="0"/>
      <line num="61" type="stmt" count="0"/>
      <line num="62" type="stmt" count="0"/>
      <line num="63" type="stmt" count="0"/>
      <line num="65" type="stmt" count="0"/>
      <line num="68" type="stmt" count="0"/>
      <line num="69" type="stmt" count="0"/>
      <line num="70" type="stmt" count="0"/>
      <line num="72" type="stmt" count="0"/>
      <line num="73" type="stmt" count="0"/>
      <line num="74" type="stmt" count="0"/>
      <line num="75" type="stmt" count="0"/>
      <line num="76" type="stmt" count="0"/>
      <line num="77" type="stmt" count="0"/>
      <line num="78" type="stmt" count="0"/>
      <line num="79" type="stmt" count="0"/>
      <line num="80" type="stmt" count="0"/>
      <line num="83" type="stmt" count="0"/>
      <line num="84" type="stmt" count="0"/>
      <line num="85" type="stmt" count="0"/>
      <metrics loc="85" ncloc="47" classes="0" methods="0" coveredmethods="0" conditionals="0" coveredconditionals="0" statements="45" coveredstatements="0" elements="45" coveredelements="0"/>
    </file>
    <file name="/srv/querypath/src/qp_functions.php">
      <line num="155" type="stmt" count="135"/>
      <line num="184" type="stmt" count="1"/>
      <line num="217" type="stmt" count="0"/>
      <metrics loc="218" ncloc="19" classes="0" methods="0" coveredmethods="0" conditionals="0" coveredconditionals="0" statements="3" coveredstatements="2" elements="3" coveredelements="2"/>
    </file>
    <metrics files="30" loc="11038" ncloc="5153" classes="20" methods="289" coveredmethods="194" conditionals="0" coveredconditionals="0" statements="2789" coveredstatements="2412" elements="3078" coveredelements="2606"/>
  </project>
</coverage>
